[36m[1m2024-09-29 21:30:48 info START: Attempting Connection to DB[22m[39m
[36m[1m2024-09-29 21:30:48 info Status: Server is Running Successfully on port 3001[22m[39m
[36m[1m2024-09-29 21:30:53 info END: Successfully Connected to DB[22m[39m
[36m[1m2024-09-29 21:32:34 info START: Attempting Connection to DB[22m[39m
[36m[1m2024-09-29 21:32:34 info Status: Server is Running Successfully on port 3001[22m[39m
[36m[1m2024-09-29 21:32:40 info END: Successfully Connected to DB[22m[39m
[36m[1m2024-09-29 21:33:02 info START: Attempting Connection to DB[22m[39m
[36m[1m2024-09-29 21:33:02 info END: DB connection Was not Successful, Try Again![22m[39m
[36m[1m2024-09-29 21:33:02 info Status: Server is Running Successfully on port 3001[22m[39m
[36m[1m2024-09-29 21:33:13 info START: Attempting Connection to DB[22m[39m
[36m[1m2024-09-29 21:33:13 info Status: Server is Running Successfully on port 3001[22m[39m
[36m[1m2024-09-29 21:33:19 info END: DB connection Was not Successful, Try Again![22m[39m
[36m[1m2024-09-29 21:41:01 info START: Attempting Connection to DB[22m[39m
[36m[1m2024-09-29 21:41:01 info Status: Server is Running Successfully on port 3001[22m[39m
[36m[1m2024-09-29 21:41:04 info END: Successfully Connected to DB[22m[39m
[36m[1m2024-09-29 21:41:37 info START: Attempting Connection to DB[22m[39m
[36m[1m2024-09-29 21:41:37 info Status: Server is Running Successfully on port 3001[22m[39m
[36m[1m2024-09-29 21:41:41 info END: Successfully Connected to DB[22m[39m
[36m[1m2024-09-29 21:41:56 info START: Attempting Connection to DB[22m[39m
[36m[1m2024-09-29 21:41:56 info Status: Server is Running Successfully on port 3001[22m[39m
[36m[1m2024-09-29 21:42:01 info END: Successfully Connected to DB[22m[39m
[36m[1m2024-09-29 21:45:10 info START: Attempting Connection to DB[22m[39m
[36m[1m2024-09-29 21:45:10 info Status: Server is Running Successfully on port 3001[22m[39m
[36m[1m2024-09-29 21:45:14 info END: Successfully Connected to DB[22m[39m
[36m[1m2024-09-29 21:45:46 info START: Attempting Connection to DB[22m[39m
[36m[1m2024-09-29 21:45:46 info Status: Server is Running Successfully on port 3001[22m[39m
[36m[1m2024-09-29 21:45:50 info END: Successfully Connected to DB[22m[39m
[36m[1m2024-09-29 21:46:19 info START: Attempting Connection to DB[22m[39m
[36m[1m2024-09-29 21:46:19 info Status: Server is Running Successfully on port 3001[22m[39m
[36m[1m2024-09-29 21:46:28 info END: Successfully Connected to DB[22m[39m
[36m[1m2024-09-29 22:29:33 info START: Attempting Connection to DB[22m[39m
[36m[1m2024-09-29 22:29:33 info Status: Server is Running Successfully on port 3001[22m[39m
[36m[1m2024-09-29 22:29:39 info END: Successfully Connected to DB[22m[39m
[36m[1m2024-09-29 22:29:58 info START: Attempting Connection to DB[22m[39m
[36m[1m2024-09-29 22:29:58 info Status: Server is Running Successfully on port 3001[22m[39m
[36m[1m2024-09-29 22:30:05 info END: Successfully Connected to DB[22m[39m
[36m[1m2024-09-29 22:30:13 info START: Attempting Connection to DB[22m[39m
[36m[1m2024-09-29 22:30:13 info Status: Server is Running Successfully on port 3001[22m[39m
[36m[1m2024-09-29 22:30:17 info END: Successfully Connected to DB[22m[39m
[36m[1m2024-09-29 22:31:31 info START: Attempting Connection to DB[22m[39m
[36m[1m2024-09-29 22:31:32 info Status: Server is Running Successfully on port 3001[22m[39m
[36m[1m2024-09-29 22:31:39 info END: Successfully Connected to DB[22m[39m
[36m[1m2024-09-29 22:32:28 info START: Attempting Connection to DB[22m[39m
[36m[1m2024-09-29 22:32:28 info Status: Server is Running Successfully on port 3001[22m[39m
[36m[1m2024-09-29 22:32:32 info END: Successfully Connected to DB[22m[39m
[36m[1m2024-09-29 22:33:28 info START: Attempting Connection to DB[22m[39m
[36m[1m2024-09-29 22:33:28 info Status: Server is Running Successfully on port 3001[22m[39m
[36m[1m2024-09-29 22:33:35 info END: Successfully Connected to DB[22m[39m
[36m[1m2024-09-29 22:34:24 info START: Attempting Connection to DB[22m[39m
[36m[1m2024-09-29 22:34:24 info Status: Server is Running Successfully on port 3001[22m[39m
[36m[1m2024-09-29 22:34:27 info END: Successfully Connected to DB[22m[39m
[36m[1m2024-09-29 22:34:53 info START: Attempting Connection to DB[22m[39m
[36m[1m2024-09-29 22:34:53 info Status: Server is Running Successfully on port 3001[22m[39m
[36m[1m2024-09-29 22:34:56 info END: Successfully Connected to DB[22m[39m
[36m[1m2024-09-29 22:35:46 info START: Attempting Connection to DB[22m[39m
[36m[1m2024-09-29 22:35:46 info Status: Server is Running Successfully on port 3001[22m[39m
[36m[1m2024-09-29 22:35:51 info END: DB connection Was not Successful, Try Again![22m[39m
[36m[1m2024-09-29 22:36:10 info START: Attempting Connection to DB[22m[39m
[36m[1m2024-09-29 22:36:10 info Status: Server is Running Successfully on port 3001[22m[39m
[31m[1m2024-09-29 22:36:13 error [GET /gg] Requested Resource/Route Could not be Found[22m[39m
[36m[1m2024-09-29 22:36:13 info END: Successfully Connected to DB[22m[39m
[36m[1m2024-09-29 22:37:58 info START: Attempting Connection to DB[22m[39m
[36m[1m2024-09-29 22:37:58 info Status: Server is Running Successfully on port 3001[22m[39m
[36m[1m2024-09-29 23:36:59 info START: Attempting Connection to DB[22m[39m
[36m[1m2024-09-29 23:36:59 info Status: Server is Running Successfully on port 3001[22m[39m
[36m[1m2024-09-29 23:37:03 info END: Successfully Connected to DB[22m[39m
[36m[1m2024-09-29 23:38:59 info START: User Creation has Started[22m[39m
[36m[1m2024-09-29 23:38:59 info END: username and password are similiar[22m[39m
[36m[1m2024-09-29 23:38:59 info END: User Registration was not Successful, Passed to ErrorHandler[22m[39m
[31m[1m2024-09-29 23:38:59 error [POST /api/user/signup] User validation failed: password: Cast to string failed for value "Promise { <pending> }" (type Promise) at path "password"[22m[39m
[36m[1m2024-09-29 23:40:44 info START: User Creation has Started[22m[39m
[36m[1m2024-09-29 23:40:44 info END: User Registration was not Successful, Passed to ErrorHandler[22m[39m
[31m[1m2024-09-29 23:40:44 error [POST /api/user/signup] User validation failed: password: Cast to string failed for value "Promise { <pending> }" (type Promise) at path "password"[22m[39m
[36m[1m2024-09-29 23:42:22 info START: Attempting Connection to DB[22m[39m
[36m[1m2024-09-29 23:42:23 info Status: Server is Running Successfully on port 3001[22m[39m
[36m[1m2024-09-29 23:42:25 info START: Attempting Connection to DB[22m[39m
[36m[1m2024-09-29 23:42:25 info Status: Server is Running Successfully on port 3001[22m[39m
[36m[1m2024-09-29 23:42:27 info END: Successfully Connected to DB[22m[39m
[36m[1m2024-09-29 23:42:35 info START: User Creation has Started[22m[39m
[36m[1m2024-09-29 23:42:35 info END: User Registration was not Successful, Passed to ErrorHandler[22m[39m
[31m[1m2024-09-29 23:42:35 error [POST /api/user/signup] User validation failed: password: Cast to string failed for value "Promise { <pending> }" (type Promise) at path "password"[22m[39m
[36m[1m2024-09-29 23:42:49 info START: Attempting Connection to DB[22m[39m
[36m[1m2024-09-29 23:42:49 info Status: Server is Running Successfully on port 3001[22m[39m
[36m[1m2024-09-29 23:42:52 info END: Successfully Connected to DB[22m[39m
[36m[1m2024-09-29 23:43:20 info START: Attempting Connection to DB[22m[39m
[36m[1m2024-09-29 23:43:20 info Status: Server is Running Successfully on port 3001[22m[39m
[36m[1m2024-09-29 23:43:23 info END: Successfully Connected to DB[22m[39m
[36m[1m2024-09-29 23:43:31 info START: User Creation has Started[22m[39m
[36m[1m2024-09-29 23:43:32 info END: User Registration was not Successful, Passed to ErrorHandler[22m[39m
[31m[1m2024-09-29 23:43:32 error [POST /api/user/signup] Token Has Expired, Login Again![22m[39m
[36m[1m2024-09-29 23:43:59 info START: Attempting Connection to DB[22m[39m
[36m[1m2024-09-29 23:43:59 info Status: Server is Running Successfully on port 3001[22m[39m
[36m[1m2024-09-29 23:44:02 info END: Successfully Connected to DB[22m[39m
[36m[1m2024-09-29 23:44:14 info START: Attempting Connection to DB[22m[39m
[36m[1m2024-09-29 23:44:14 info Status: Server is Running Successfully on port 3001[22m[39m
[36m[1m2024-09-29 23:44:16 info END: Successfully Connected to DB[22m[39m
[36m[1m2024-09-29 23:44:56 info START: User Creation has Started[22m[39m
[36m[1m2024-09-29 23:44:56 info END: username and password are similiar[22m[39m
[36m[1m2024-09-29 23:45:16 info START: User Creation has Started[22m[39m
[36m[1m2024-09-29 23:45:16 info END: User Registration was not Successful, Passed to ErrorHandler[22m[39m
[31m[1m2024-09-29 23:45:16 error [POST /api/user/signup] Token Has Expired, Login Again![22m[39m
[36m[1m2024-09-29 23:46:11 info START: Attempting Connection to DB[22m[39m
[36m[1m2024-09-29 23:46:11 info Status: Server is Running Successfully on port 3001[22m[39m
[36m[1m2024-09-29 23:46:13 info END: Successfully Connected to DB[22m[39m
[36m[1m2024-09-29 23:46:24 info START: User Creation has Started[22m[39m
[36m[1m2024-09-29 23:46:24 info END: username and email are present in DB, expected Unique Details![22m[39m
[36m[1m2024-09-29 23:46:37 info START: User Creation has Started[22m[39m
[36m[1m2024-09-29 23:46:38 info END: User Created Successully[22m[39m
[36m[1m2024-09-29 23:47:00 info START: Attempting Connection to DB[22m[39m
[36m[1m2024-09-29 23:47:00 info Status: Server is Running Successfully on port 3001[22m[39m
[36m[1m2024-09-29 23:47:02 info END: Successfully Connected to DB[22m[39m
[36m[1m2024-09-29 23:47:21 info START: Attempting Connection to DB[22m[39m
[36m[1m2024-09-29 23:47:21 info Status: Server is Running Successfully on port 3001[22m[39m
[36m[1m2024-09-29 23:47:24 info END: Successfully Connected to DB[22m[39m
