[31m[1m2024-09-29 22:36:13 error [GET /gg] Requested Resource/Route Could not be Found[22m[39m
[31m[1m2024-09-29 23:38:59 error [POST /api/user/signup] User validation failed: password: Cast to string failed for value "Promise { <pending> }" (type Promise) at path "password"[22m[39m
[31m[1m2024-09-29 23:40:44 error [POST /api/user/signup] User validation failed: password: Cast to string failed for value "Promise { <pending> }" (type Promise) at path "password"[22m[39m
[31m[1m2024-09-29 23:42:35 error [POST /api/user/signup] User validation failed: password: Cast to string failed for value "Promise { <pending> }" (type Promise) at path "password"[22m[39m
[31m[1m2024-09-29 23:43:32 error [POST /api/user/signup] Token Has Expired, Login Again![22m[39m
[31m[1m2024-09-29 23:45:16 error [POST /api/user/signup] Token Has Expired, Login Again![22m[39m
[31m[1m2024-09-30 20:56:06 error [POST /api/user/login] Token Has Expired, Login Again![22m[39m
[31m[1m2024-09-30 21:06:06 error [POST /api/user/login] Token Has Expired, Login Again![22m[39m
[31m[1m2024-09-30 21:07:34 error [POST /api/user/login] Token Has Expired, Login Again![22m[39m
[31m[1m2024-09-30 21:08:29 error [POST /api/user/login] Token Has Expired, Login Again![22m[39m
[31m[1m2024-09-30 21:16:21 error [POST /api/user/login] Token Has Expired, Login Again![22m[39m
[31m[1m2024-09-30 21:16:54 error [POST /api/user/login] Token Has Expired, Login Again![22m[39m
[31m[1m2024-09-30 21:31:48 error [POST /api/user/login] Token Has Expired, Login Again![22m[39m
[31m[1m2024-09-30 21:33:53 error [POST /api/user/login] Token Has Expired, Login Again![22m[39m
[31m[1m2024-10-01 20:52:08 error [POST /api/login] Requested Resource/Route Could not be Found[22m[39m
[31m[1m2024-10-01 20:52:18 error [POST /api/users/login] Requested Resource/Route Could not be Found[22m[39m
[31m[1m2024-10-01 20:55:18 error [GET /api/books/myBooks] Token Has Expired, Login Again![22m[39m
[31m[1m2024-10-01 21:16:03 error [DELETE /api/books/66fc5315b96da3953349d8d/delete] Malformatted Id[22m[39m
[31m[1m2024-10-01 21:17:18 error [DELETE /api/books/66fc5315b96da3953349d8d/delete] Malformatted Id[22m[39m
[31m[1m2024-10-01 21:20:23 error [DELETE /api/books/66fc5315b96da3953349d8dy/delete] Malformatted Id[22m[39m
[31m[1m2024-10-01 21:20:26 error [DELETE /api/books/66fc5315b96da3953349d8dy/delete] Malformatted Id[22m[39m
